# JRE version: Java(TM) SE Runtime Environment (8.0_201-b09) (build 1.8.0_201-b09)
# Java VM: Java HotSpot(TM) 64-Bit Server VM (25.201-b09 mixed mode windows-amd64 compressed oops)
Heap:
 PSYoungGen      total 222720K, used 7708K [0x00000000d5d00000, 0x00000000e4780000, 0x0000000100000000)
  eden space 212992K, 3% used [0x00000000d5d00000,0x00000000d6487368,0x00000000e2d00000)
  from space 9728K, 0% used [0x00000000e3e00000,0x00000000e3e00000,0x00000000e4780000)
  to   space 12800K, 0% used [0x00000000e2e80000,0x00000000e2e80000,0x00000000e3b00000)
 ParOldGen       total 86528K, used 14163K [0x0000000081600000, 0x0000000086a80000, 0x00000000d5d00000)
  object space 86528K, 16% used [0x0000000081600000,0x00000000823d4dd8,0x0000000086a80000)
 Metaspace       used 34005K, capacity 35640K, committed 35880K, reserved 1081344K
  class space    used 4466K, capacity 4796K, committed 4904K, reserved 1048576K
GC Heap History (10 events):
Event: 3.931 GC heap before
{Heap before GC invocations=4 (full 0):
 PSYoungGen      total 71680K, used 21888K [0x00000000d5d00000, 0x00000000de900000, 0x0000000100000000)
  eden space 66560K, 25% used [0x00000000d5d00000,0x00000000d6d64558,0x00000000d9e00000)
  from space 5120K, 99% used [0x00000000d9e00000,0x00000000da2fbe50,0x00000000da300000)
  to   space 5120K, 0% used [0x00000000de400000,0x00000000de400000,0x00000000de900000)
 ParOldGen       total 87552K, used 4548K [0x0000000081600000, 0x0000000086b80000, 0x00000000d5d00000)
  object space 87552K, 5% used [0x0000000081600000,0x0000000081a710a8,0x0000000086b80000)
 Metaspace       used 20413K, capacity 21174K, committed 21296K, reserved 1067008K
  class space    used 2681K, capacity 2873K, committed 2944K, reserved 1048576K
Event: 3.940 GC heap after
Heap after GC invocations=4 (full 0):
 PSYoungGen      total 138240K, used 5090K [0x00000000d5d00000, 0x00000000de900000, 0x0000000100000000)
  eden space 133120K, 0% used [0x00000000d5d00000,0x00000000d5d00000,0x00000000ddf00000)
  from space 5120K, 99% used [0x00000000de400000,0x00000000de8f8b58,0x00000000de900000)
  to   space 5120K, 0% used [0x00000000ddf00000,0x00000000ddf00000,0x00000000de400000)
 ParOldGen       total 87552K, used 6083K [0x0000000081600000, 0x0000000086b80000, 0x00000000d5d00000)
  object space 87552K, 6% used [0x0000000081600000,0x0000000081bf0e08,0x0000000086b80000)
 Metaspace       used 20413K, capacity 21174K, committed 21296K, reserved 1067008K
  class space    used 2681K, capacity 2873K, committed 2944K, reserved 1048576K
}
Event: 3.940 GC heap before
{Heap before GC invocations=5 (full 1):
 PSYoungGen      total 138240K, used 5090K [0x00000000d5d00000, 0x00000000de900000, 0x0000000100000000)
  eden space 133120K, 0% used [0x00000000d5d00000,0x00000000d5d00000,0x00000000ddf00000)
  from space 5120K, 99% used [0x00000000de400000,0x00000000de8f8b58,0x00000000de900000)
  to   space 5120K, 0% used [0x00000000ddf00000,0x00000000ddf00000,0x00000000de400000)
 ParOldGen       total 87552K, used 6083K [0x0000000081600000, 0x0000000086b80000, 0x00000000d5d00000)
  object space 87552K, 6% used [0x0000000081600000,0x0000000081bf0e08,0x0000000086b80000)
 Metaspace       used 20413K, capacity 21174K, committed 21296K, reserved 1067008K
  class space    used 2681K, capacity 2873K, committed 2944K, reserved 1048576K
Event: 3.988 GC heap after
Heap after GC invocations=5 (full 1):
 PSYoungGen      total 138240K, used 0K [0x00000000d5d00000, 0x00000000de900000, 0x0000000100000000)
  eden space 133120K, 0% used [0x00000000d5d00000,0x00000000d5d00000,0x00000000ddf00000)
  from space 5120K, 0% used [0x00000000de400000,0x00000000de400000,0x00000000de900000)
  to   space 5120K, 0% used [0x00000000ddf00000,0x00000000ddf00000,0x00000000de400000)
 ParOldGen       total 54272K, used 6536K [0x0000000081600000, 0x0000000084b00000, 0x00000000d5d00000)
  object space 54272K, 12% used [0x0000000081600000,0x0000000081c620b0,0x0000000084b00000)
 Metaspace       used 20413K, capacity 21174K, committed 21296K, reserved 1067008K
  class space    used 2681K, capacity 2873K, committed 2944K, reserved 1048576K
}
Event: 6.638 GC heap before
{Heap before GC invocations=6 (full 1):
 PSYoungGen      total 138240K, used 133120K [0x00000000d5d00000, 0x00000000de900000, 0x0000000100000000)
  eden space 133120K, 100% used [0x00000000d5d00000,0x00000000ddf00000,0x00000000ddf00000)
  from space 5120K, 0% used [0x00000000de400000,0x00000000de400000,0x00000000de900000)
  to   space 5120K, 0% used [0x00000000ddf00000,0x00000000ddf00000,0x00000000de400000)
 ParOldGen       total 54272K, used 6536K [0x0000000081600000, 0x0000000084b00000, 0x00000000d5d00000)
  object space 54272K, 12% used [0x0000000081600000,0x0000000081c620b0,0x0000000084b00000)
 Metaspace       used 28387K, capacity 29512K, committed 29696K, reserved 1075200K
  class space    used 3728K, capacity 3972K, committed 4096K, reserved 1048576K
Event: 6.652 GC heap after
Heap after GC invocations=6 (full 1):
 PSYoungGen      total 138240K, used 5100K [0x00000000d5d00000, 0x00000000e4a00000, 0x0000000100000000)
  eden space 133120K, 0% used [0x00000000d5d00000,0x00000000d5d00000,0x00000000ddf00000)
  from space 5120K, 99% used [0x00000000ddf00000,0x00000000de3fb100,0x00000000de400000)
  to   space 12288K, 0% used [0x00000000e3e00000,0x00000000e3e00000,0x00000000e4a00000)
 ParOldGen       total 54272K, used 12889K [0x0000000081600000, 0x0000000084b00000, 0x00000000d5d00000)
  object space 54272K, 23% used [0x0000000081600000,0x0000000082296540,0x0000000084b00000)
 Metaspace       used 28387K, capacity 29512K, committed 29696K, reserved 1075200K
  class space    used 3728K, capacity 3972K, committed 4096K, reserved 1048576K
}
Event: 7.721 GC heap before
{Heap before GC invocations=7 (full 1):
 PSYoungGen      total 138240K, used 110504K [0x00000000d5d00000, 0x00000000e4a00000, 0x0000000100000000)
  eden space 133120K, 79% used [0x00000000d5d00000,0x00000000dc3ef2e8,0x00000000ddf00000)
  from space 5120K, 99% used [0x00000000ddf00000,0x00000000de3fb100,0x00000000de400000)
  to   space 12288K, 0% used [0x00000000e3e00000,0x00000000e3e00000,0x00000000e4a00000)
 ParOldGen       total 54272K, used 12889K [0x0000000081600000, 0x0000000084b00000, 0x00000000d5d00000)
  object space 54272K, 23% used [0x0000000081600000,0x0000000082296540,0x0000000084b00000)
 Metaspace       used 33854K, capacity 35446K, committed 35496K, reserved 1079296K
  class space    used 4436K, capacity 4757K, committed 4776K, reserved 1048576K
Event: 7.731 GC heap after
Heap after GC invocations=7 (full 1):
 PSYoungGen      total 222720K, used 9478K [0x00000000d5d00000, 0x00000000e4780000, 0x0000000100000000)
  eden space 212992K, 0% used [0x00000000d5d00000,0x00000000d5d00000,0x00000000e2d00000)
  from space 9728K, 97% used [0x00000000e3e00000,0x00000000e4741a78,0x00000000e4780000)
  to   space 12800K, 0% used [0x00000000e2e80000,0x00000000e2e80000,0x00000000e3b00000)
 ParOldGen       total 54272K, used 12897K [0x0000000081600000, 0x0000000084b00000, 0x00000000d5d00000)
  object space 54272K, 23% used [0x0000000081600000,0x0000000082298540,0x0000000084b00000)
 Metaspace       used 33854K, capacity 35446K, committed 35496K, reserved 1079296K
  class space    used 4436K, capacity 4757K, committed 4776K, reserved 1048576K
}
Event: 7.731 GC heap before
{Heap before GC invocations=8 (full 2):
 PSYoungGen      total 222720K, used 9478K [0x00000000d5d00000, 0x00000000e4780000, 0x0000000100000000)
  eden space 212992K, 0% used [0x00000000d5d00000,0x00000000d5d00000,0x00000000e2d00000)
  from space 9728K, 97% used [0x00000000e3e00000,0x00000000e4741a78,0x00000000e4780000)
  to   space 12800K, 0% used [0x00000000e2e80000,0x00000000e2e80000,0x00000000e3b00000)
 ParOldGen       total 54272K, used 12897K [0x0000000081600000, 0x0000000084b00000, 0x00000000d5d00000)
  object space 54272K, 23% used [0x0000000081600000,0x0000000082298540,0x0000000084b00000)
 Metaspace       used 33854K, capacity 35446K, committed 35496K, reserved 1079296K
  class space    used 4436K, capacity 4757K, committed 4776K, reserved 1048576K
Event: 7.813 GC heap after
Heap after GC invocations=8 (full 2):
 PSYoungGen      total 222720K, used 0K [0x00000000d5d00000, 0x00000000e4780000, 0x0000000100000000)
  eden space 212992K, 0% used [0x00000000d5d00000,0x00000000d5d00000,0x00000000e2d00000)
  from space 9728K, 0% used [0x00000000e3e00000,0x00000000e3e00000,0x00000000e4780000)
  to   space 12800K, 0% used [0x00000000e2e80000,0x00000000e2e80000,0x00000000e3b00000)
 ParOldGen       total 86528K, used 14163K [0x0000000081600000, 0x0000000086a80000, 0x00000000d5d00000)
  object space 86528K, 16% used [0x0000000081600000,0x00000000823d4dd8,0x0000000086a80000)
 Metaspace       used 33854K, capacity 35446K, committed 35496K, reserved 1079296K
  class space    used 4436K, capacity 4757K, committed 4776K, reserved 1048576K
}

