# JRE version: Java(TM) SE Runtime Environment (8.0_201-b09) (build 1.8.0_201-b09)
# Java VM: Java HotSpot(TM) 64-Bit Server VM (25.201-b09 mixed mode windows-amd64 compressed oops)
Heap:
 PSYoungGen      total 205824K, used 145555K [0x00000000d5d00000, 0x00000000e5800000, 0x0000000100000000)
  eden space 195584K, 74% used [0x00000000d5d00000,0x00000000deb24d48,0x00000000e1c00000)
  from space 10240K, 0% used [0x00000000e2580000,0x00000000e2580000,0x00000000e2f80000)
  to   space 9728K, 0% used [0x00000000e1c00000,0x00000000e1c00000,0x00000000e2580000)
 ParOldGen       total 65536K, used 10637K [0x0000000081600000, 0x0000000085600000, 0x00000000d5d00000)
  object space 65536K, 16% used [0x0000000081600000,0x00000000820634d0,0x0000000085600000)
 Metaspace       used 37247K, capacity 39742K, committed 40064K, reserved 1083392K
  class space    used 4995K, capacity 5425K, committed 5504K, reserved 1048576K
GC Heap History (10 events):
Event: 5.043 GC heap before
{Heap before GC invocations=6 (full 1):
 PSYoungGen      total 71680K, used 5106K [0x00000000d5d00000, 0x00000000def00000, 0x0000000100000000)
  eden space 66560K, 0% used [0x00000000d5d00000,0x00000000d5d00000,0x00000000d9e00000)
  from space 5120K, 99% used [0x00000000d9e00000,0x00000000da2fc9a0,0x00000000da300000)
  to   space 8192K, 0% used [0x00000000de700000,0x00000000de700000,0x00000000def00000)
 ParOldGen       total 87552K, used 5451K [0x0000000081600000, 0x0000000086b80000, 0x00000000d5d00000)
  object space 87552K, 6% used [0x0000000081600000,0x0000000081b52de8,0x0000000086b80000)
 Metaspace       used 19808K, capacity 21104K, committed 21248K, reserved 1067008K
  class space    used 2691K, capacity 2956K, committed 3072K, reserved 1048576K
Event: 5.106 GC heap after
Heap after GC invocations=6 (full 1):
 PSYoungGen      total 71680K, used 0K [0x00000000d5d00000, 0x00000000def00000, 0x0000000100000000)
  eden space 66560K, 0% used [0x00000000d5d00000,0x00000000d5d00000,0x00000000d9e00000)
  from space 5120K, 0% used [0x00000000d9e00000,0x00000000d9e00000,0x00000000da300000)
  to   space 8192K, 0% used [0x00000000de700000,0x00000000de700000,0x00000000def00000)
 ParOldGen       total 50176K, used 6136K [0x0000000081600000, 0x0000000084700000, 0x00000000d5d00000)
  object space 50176K, 12% used [0x0000000081600000,0x0000000081bfe308,0x0000000084700000)
 Metaspace       used 19808K, capacity 21104K, committed 21248K, reserved 1067008K
  class space    used 2691K, capacity 2956K, committed 3072K, reserved 1048576K
}
Event: 6.497 GC heap before
{Heap before GC invocations=7 (full 1):
 PSYoungGen      total 71680K, used 66560K [0x00000000d5d00000, 0x00000000def00000, 0x0000000100000000)
  eden space 66560K, 100% used [0x00000000d5d00000,0x00000000d9e00000,0x00000000d9e00000)
  from space 5120K, 0% used [0x00000000d9e00000,0x00000000d9e00000,0x00000000da300000)
  to   space 8192K, 0% used [0x00000000de700000,0x00000000de700000,0x00000000def00000)
 ParOldGen       total 50176K, used 6136K [0x0000000081600000, 0x0000000084700000, 0x00000000d5d00000)
  object space 50176K, 12% used [0x0000000081600000,0x0000000081bfe308,0x0000000084700000)
 Metaspace       used 25479K, capacity 26964K, committed 27136K, reserved 1073152K
  class space    used 3423K, capacity 3726K, committed 3840K, reserved 1048576K
Event: 6.525 GC heap after
Heap after GC invocations=7 (full 1):
 PSYoungGen      total 123392K, used 7343K [0x00000000d5d00000, 0x00000000dee80000, 0x0000000100000000)
  eden space 115712K, 0% used [0x00000000d5d00000,0x00000000d5d00000,0x00000000dce00000)
  from space 7680K, 95% used [0x00000000de700000,0x00000000dee2bd58,0x00000000dee80000)
  to   space 8192K, 0% used [0x00000000dde80000,0x00000000dde80000,0x00000000de680000)
 ParOldGen       total 50176K, used 6136K [0x0000000081600000, 0x0000000084700000, 0x00000000d5d00000)
  object space 50176K, 12% used [0x0000000081600000,0x0000000081bfe308,0x0000000084700000)
 Metaspace       used 25479K, capacity 26964K, committed 27136K, reserved 1073152K
  class space    used 3423K, capacity 3726K, committed 3840K, reserved 1048576K
}
Event: 8.610 GC heap before
{Heap before GC invocations=8 (full 1):
 PSYoungGen      total 123392K, used 123055K [0x00000000d5d00000, 0x00000000dee80000, 0x0000000100000000)
  eden space 115712K, 100% used [0x00000000d5d00000,0x00000000dce00000,0x00000000dce00000)
  from space 7680K, 95% used [0x00000000de700000,0x00000000dee2bd58,0x00000000dee80000)
  to   space 8192K, 0% used [0x00000000dde80000,0x00000000dde80000,0x00000000de680000)
 ParOldGen       total 50176K, used 6136K [0x0000000081600000, 0x0000000084700000, 0x00000000d5d00000)
  object space 50176K, 12% used [0x0000000081600000,0x0000000081bfe308,0x0000000084700000)
 Metaspace       used 33244K, capacity 35092K, committed 35328K, reserved 1079296K
  class space    used 4446K, capacity 4814K, committed 4864K, reserved 1048576K
Event: 8.621 GC heap after
Heap after GC invocations=8 (full 1):
 PSYoungGen      total 140800K, used 8188K [0x00000000d5d00000, 0x00000000e2f80000, 0x0000000100000000)
  eden space 132608K, 0% used [0x00000000d5d00000,0x00000000d5d00000,0x00000000dde80000)
  from space 8192K, 99% used [0x00000000dde80000,0x00000000de67f2f0,0x00000000de680000)
  to   space 10240K, 0% used [0x00000000e2580000,0x00000000e2580000,0x00000000e2f80000)
 ParOldGen       total 50176K, used 8150K [0x0000000081600000, 0x0000000084700000, 0x00000000d5d00000)
  object space 50176K, 16% used [0x0000000081600000,0x0000000081df5ad8,0x0000000084700000)
 Metaspace       used 33244K, capacity 35092K, committed 35328K, reserved 1079296K
  class space    used 4446K, capacity 4814K, committed 4864K, reserved 1048576K
}
Event: 8.677 GC heap before
{Heap before GC invocations=9 (full 1):
 PSYoungGen      total 140800K, used 12233K [0x00000000d5d00000, 0x00000000e2f80000, 0x0000000100000000)
  eden space 132608K, 3% used [0x00000000d5d00000,0x00000000d60f3478,0x00000000dde80000)
  from space 8192K, 99% used [0x00000000dde80000,0x00000000de67f2f0,0x00000000de680000)
  to   space 10240K, 0% used [0x00000000e2580000,0x00000000e2580000,0x00000000e2f80000)
 ParOldGen       total 50176K, used 8150K [0x0000000081600000, 0x0000000084700000, 0x00000000d5d00000)
  object space 50176K, 16% used [0x0000000081600000,0x0000000081df5ad8,0x0000000084700000)
 Metaspace       used 33509K, capacity 35284K, committed 35416K, reserved 1079296K
  class space    used 4474K, capacity 4814K, committed 4864K, reserved 1048576K
Event: 8.684 GC heap after
Heap after GC invocations=9 (full 1):
 PSYoungGen      total 205824K, used 5585K [0x00000000d5d00000, 0x00000000e5800000, 0x0000000100000000)
  eden space 195584K, 0% used [0x00000000d5d00000,0x00000000d5d00000,0x00000000e1c00000)
  from space 10240K, 54% used [0x00000000e2580000,0x00000000e2af4480,0x00000000e2f80000)
  to   space 9728K, 0% used [0x00000000e1c00000,0x00000000e1c00000,0x00000000e2580000)
 ParOldGen       total 50176K, used 8158K [0x0000000081600000, 0x0000000084700000, 0x00000000d5d00000)
  object space 50176K, 16% used [0x0000000081600000,0x0000000081df7ad8,0x0000000084700000)
 Metaspace       used 33509K, capacity 35284K, committed 35416K, reserved 1079296K
  class space    used 4474K, capacity 4814K, committed 4864K, reserved 1048576K
}
Event: 8.684 GC heap before
{Heap before GC invocations=10 (full 2):
 PSYoungGen      total 205824K, used 5585K [0x00000000d5d00000, 0x00000000e5800000, 0x0000000100000000)
  eden space 195584K, 0% used [0x00000000d5d00000,0x00000000d5d00000,0x00000000e1c00000)
  from space 10240K, 54% used [0x00000000e2580000,0x00000000e2af4480,0x00000000e2f80000)
  to   space 9728K, 0% used [0x00000000e1c00000,0x00000000e1c00000,0x00000000e2580000)
 ParOldGen       total 50176K, used 8158K [0x0000000081600000, 0x0000000084700000, 0x00000000d5d00000)
  object space 50176K, 16% used [0x0000000081600000,0x0000000081df7ad8,0x0000000084700000)
 Metaspace       used 33509K, capacity 35284K, committed 35416K, reserved 1079296K
  class space    used 4474K, capacity 4814K, committed 4864K, reserved 1048576K
Event: 8.752 GC heap after
Heap after GC invocations=10 (full 2):
 PSYoungGen      total 205824K, used 0K [0x00000000d5d00000, 0x00000000e5800000, 0x0000000100000000)
  eden space 195584K, 0% used [0x00000000d5d00000,0x00000000d5d00000,0x00000000e1c00000)
  from space 10240K, 0% used [0x00000000e2580000,0x00000000e2580000,0x00000000e2f80000)
  to   space 9728K, 0% used [0x00000000e1c00000,0x00000000e1c00000,0x00000000e2580000)
 ParOldGen       total 65536K, used 10637K [0x0000000081600000, 0x0000000085600000, 0x00000000d5d00000)
  object space 65536K, 16% used [0x0000000081600000,0x00000000820634d0,0x0000000085600000)
 Metaspace       used 33509K, capacity 35284K, committed 35416K, reserved 1079296K
  class space    used 4474K, capacity 4814K, committed 4864K, reserved 1048576K
}

