# JRE version: Java(TM) SE Runtime Environment (8.0_201-b09) (build 1.8.0_201-b09)
# Java VM: Java HotSpot(TM) 64-Bit Server VM (25.201-b09 mixed mode windows-amd64 compressed oops)
Heap:
 PSYoungGen      total 100864K, used 57640K [0x00000000d5d00000, 0x00000000de900000, 0x0000000100000000)
  eden space 92160K, 62% used [0x00000000d5d00000,0x00000000d954a2d0,0x00000000db700000)
  from space 8704K, 0% used [0x00000000db700000,0x00000000db700000,0x00000000dbf80000)
  to   space 8704K, 0% used [0x00000000de080000,0x00000000de080000,0x00000000de900000)
 ParOldGen       total 84480K, used 12646K [0x0000000081600000, 0x0000000086880000, 0x00000000d5d00000)
  object space 84480K, 14% used [0x0000000081600000,0x0000000082259830,0x0000000086880000)
 Metaspace       used 35457K, capacity 37129K, committed 37416K, reserved 1081344K
  class space    used 4627K, capacity 4937K, committed 5040K, reserved 1048576K
GC Heap History (10 events):
Event: 4.621 GC heap before
{Heap before GC invocations=7 (full 1):
 PSYoungGen      total 38400K, used 33280K [0x00000000d5d00000, 0x00000000daf00000, 0x0000000100000000)
  eden space 33280K, 100% used [0x00000000d5d00000,0x00000000d7d80000,0x00000000d7d80000)
  from space 5120K, 0% used [0x00000000d7d80000,0x00000000d7d80000,0x00000000d8280000)
  to   space 8704K, 0% used [0x00000000da680000,0x00000000da680000,0x00000000daf00000)
 ParOldGen       total 53760K, used 7271K [0x0000000081600000, 0x0000000084a80000, 0x00000000d5d00000)
  object space 53760K, 13% used [0x0000000081600000,0x0000000081d19d38,0x0000000084a80000)
 Metaspace       used 23601K, capacity 24410K, committed 24624K, reserved 1071104K
  class space    used 3067K, capacity 3269K, committed 3376K, reserved 1048576K
Event: 4.628 GC heap after
Heap after GC invocations=7 (full 1):
 PSYoungGen      total 59904K, used 4081K [0x00000000d5d00000, 0x00000000daa80000, 0x0000000100000000)
  eden space 55808K, 0% used [0x00000000d5d00000,0x00000000d5d00000,0x00000000d9380000)
  from space 4096K, 99% used [0x00000000da680000,0x00000000daa7c5a8,0x00000000daa80000)
  to   space 8704K, 0% used [0x00000000d9980000,0x00000000d9980000,0x00000000da200000)
 ParOldGen       total 53760K, used 7271K [0x0000000081600000, 0x0000000084a80000, 0x00000000d5d00000)
  object space 53760K, 13% used [0x0000000081600000,0x0000000081d19d38,0x0000000084a80000)
 Metaspace       used 23601K, capacity 24410K, committed 24624K, reserved 1071104K
  class space    used 3067K, capacity 3269K, committed 3376K, reserved 1048576K
}
Event: 5.259 GC heap before
{Heap before GC invocations=8 (full 1):
 PSYoungGen      total 59904K, used 59889K [0x00000000d5d00000, 0x00000000daa80000, 0x0000000100000000)
  eden space 55808K, 100% used [0x00000000d5d00000,0x00000000d9380000,0x00000000d9380000)
  from space 4096K, 99% used [0x00000000da680000,0x00000000daa7c5a8,0x00000000daa80000)
  to   space 8704K, 0% used [0x00000000d9980000,0x00000000d9980000,0x00000000da200000)
 ParOldGen       total 53760K, used 7271K [0x0000000081600000, 0x0000000084a80000, 0x00000000d5d00000)
  object space 53760K, 13% used [0x0000000081600000,0x0000000081d19d38,0x0000000084a80000)
 Metaspace       used 25813K, capacity 26796K, committed 26928K, reserved 1073152K
  class space    used 3339K, capacity 3580K, committed 3632K, reserved 1048576K
Event: 5.267 GC heap after
Heap after GC invocations=8 (full 1):
 PSYoungGen      total 70656K, used 4854K [0x00000000d5d00000, 0x00000000dc780000, 0x0000000100000000)
  eden space 61952K, 0% used [0x00000000d5d00000,0x00000000d5d00000,0x00000000d9980000)
  from space 8704K, 55% used [0x00000000d9980000,0x00000000d9e3dbc0,0x00000000da200000)
  to   space 8192K, 0% used [0x00000000dbf80000,0x00000000dbf80000,0x00000000dc780000)
 ParOldGen       total 53760K, used 7279K [0x0000000081600000, 0x0000000084a80000, 0x00000000d5d00000)
  object space 53760K, 13% used [0x0000000081600000,0x0000000081d1bd38,0x0000000084a80000)
 Metaspace       used 25813K, capacity 26796K, committed 26928K, reserved 1073152K
  class space    used 3339K, capacity 3580K, committed 3632K, reserved 1048576K
}
Event: 6.000 GC heap before
{Heap before GC invocations=9 (full 1):
 PSYoungGen      total 70656K, used 66806K [0x00000000d5d00000, 0x00000000dc780000, 0x0000000100000000)
  eden space 61952K, 100% used [0x00000000d5d00000,0x00000000d9980000,0x00000000d9980000)
  from space 8704K, 55% used [0x00000000d9980000,0x00000000d9e3dbc0,0x00000000da200000)
  to   space 8192K, 0% used [0x00000000dbf80000,0x00000000dbf80000,0x00000000dc780000)
 ParOldGen       total 53760K, used 7279K [0x0000000081600000, 0x0000000084a80000, 0x00000000d5d00000)
  object space 53760K, 13% used [0x0000000081600000,0x0000000081d1bd38,0x0000000084a80000)
 Metaspace       used 29215K, capacity 30400K, committed 30512K, reserved 1075200K
  class space    used 3797K, capacity 4048K, committed 4144K, reserved 1048576K
Event: 6.008 GC heap after
Heap after GC invocations=9 (full 1):
 PSYoungGen      total 100352K, used 6791K [0x00000000d5d00000, 0x00000000dd080000, 0x0000000100000000)
  eden space 92160K, 0% used [0x00000000d5d00000,0x00000000d5d00000,0x00000000db700000)
  from space 8192K, 82% used [0x00000000dbf80000,0x00000000dc621db8,0x00000000dc780000)
  to   space 8704K, 0% used [0x00000000db700000,0x00000000db700000,0x00000000dbf80000)
 ParOldGen       total 53760K, used 7279K [0x0000000081600000, 0x0000000084a80000, 0x00000000d5d00000)
  object space 53760K, 13% used [0x0000000081600000,0x0000000081d1bd38,0x0000000084a80000)
 Metaspace       used 29215K, capacity 30400K, committed 30512K, reserved 1075200K
  class space    used 3797K, capacity 4048K, committed 4144K, reserved 1048576K
}
Event: 6.754 GC heap before
{Heap before GC invocations=10 (full 1):
 PSYoungGen      total 100352K, used 77724K [0x00000000d5d00000, 0x00000000dd080000, 0x0000000100000000)
  eden space 92160K, 76% used [0x00000000d5d00000,0x00000000da2452c0,0x00000000db700000)
  from space 8192K, 82% used [0x00000000dbf80000,0x00000000dc621db8,0x00000000dc780000)
  to   space 8704K, 0% used [0x00000000db700000,0x00000000db700000,0x00000000dbf80000)
 ParOldGen       total 53760K, used 7279K [0x0000000081600000, 0x0000000084a80000, 0x00000000d5d00000)
  object space 53760K, 13% used [0x0000000081600000,0x0000000081d1bd38,0x0000000084a80000)
 Metaspace       used 34064K, capacity 35449K, committed 35496K, reserved 1081344K
  class space    used 4394K, capacity 4656K, committed 4656K, reserved 1048576K
Event: 6.762 GC heap after
Heap after GC invocations=10 (full 1):
 PSYoungGen      total 100864K, used 7140K [0x00000000d5d00000, 0x00000000de900000, 0x0000000100000000)
  eden space 92160K, 0% used [0x00000000d5d00000,0x00000000d5d00000,0x00000000db700000)
  from space 8704K, 82% used [0x00000000db700000,0x00000000dbdf91f8,0x00000000dbf80000)
  to   space 8704K, 0% used [0x00000000de080000,0x00000000de080000,0x00000000de900000)
 ParOldGen       total 53760K, used 8123K [0x0000000081600000, 0x0000000084a80000, 0x00000000d5d00000)
  object space 53760K, 15% used [0x0000000081600000,0x0000000081deed78,0x0000000084a80000)
 Metaspace       used 34064K, capacity 35449K, committed 35496K, reserved 1081344K
  class space    used 4394K, capacity 4656K, committed 4656K, reserved 1048576K
}
Event: 6.762 GC heap before
{Heap before GC invocations=11 (full 2):
 PSYoungGen      total 100864K, used 7140K [0x00000000d5d00000, 0x00000000de900000, 0x0000000100000000)
  eden space 92160K, 0% used [0x00000000d5d00000,0x00000000d5d00000,0x00000000db700000)
  from space 8704K, 82% used [0x00000000db700000,0x00000000dbdf91f8,0x00000000dbf80000)
  to   space 8704K, 0% used [0x00000000de080000,0x00000000de080000,0x00000000de900000)
 ParOldGen       total 53760K, used 8123K [0x0000000081600000, 0x0000000084a80000, 0x00000000d5d00000)
  object space 53760K, 15% used [0x0000000081600000,0x0000000081deed78,0x0000000084a80000)
 Metaspace       used 34064K, capacity 35449K, committed 35496K, reserved 1081344K
  class space    used 4394K, capacity 4656K, committed 4656K, reserved 1048576K
Event: 6.842 GC heap after
Heap after GC invocations=11 (full 2):
 PSYoungGen      total 100864K, used 0K [0x00000000d5d00000, 0x00000000de900000, 0x0000000100000000)
  eden space 92160K, 0% used [0x00000000d5d00000,0x00000000d5d00000,0x00000000db700000)
  from space 8704K, 0% used [0x00000000db700000,0x00000000db700000,0x00000000dbf80000)
  to   space 8704K, 0% used [0x00000000de080000,0x00000000de080000,0x00000000de900000)
 ParOldGen       total 84480K, used 12646K [0x0000000081600000, 0x0000000086880000, 0x00000000d5d00000)
  object space 84480K, 14% used [0x0000000081600000,0x0000000082259830,0x0000000086880000)
 Metaspace       used 34064K, capacity 35449K, committed 35496K, reserved 1081344K
  class space    used 4394K, capacity 4656K, committed 4656K, reserved 1048576K
}

