# JRE version: Java(TM) SE Runtime Environment (8.0_201-b09) (build 1.8.0_201-b09)
# Java VM: Java HotSpot(TM) 64-Bit Server VM (25.201-b09 mixed mode windows-amd64 compressed oops)
Heap:
 PSYoungGen      total 200704K, used 163739K [0x00000000d5d00000, 0x00000000e4e80000, 0x0000000100000000)
  eden space 190464K, 85% used [0x00000000d5d00000,0x00000000dfce6f90,0x00000000e1700000)
  from space 10240K, 0% used [0x00000000e2080000,0x00000000e2080000,0x00000000e2a80000)
  to   space 9728K, 0% used [0x00000000e1700000,0x00000000e1700000,0x00000000e2080000)
 ParOldGen       total 77824K, used 11932K [0x0000000081600000, 0x0000000086200000, 0x00000000d5d00000)
  object space 77824K, 15% used [0x0000000081600000,0x00000000821a70b8,0x0000000086200000)
 Metaspace       used 38520K, capacity 40488K, committed 40624K, reserved 1085440K
  class space    used 5120K, capacity 5476K, committed 5552K, reserved 1048576K
GC Heap History (10 events):
Event: 3.805 GC heap before
{Heap before GC invocations=6 (full 1):
 PSYoungGen      total 71680K, used 5104K [0x00000000d5d00000, 0x00000000df000000, 0x0000000100000000)
  eden space 66560K, 0% used [0x00000000d5d00000,0x00000000d5d00000,0x00000000d9e00000)
  from space 5120K, 99% used [0x00000000d9e00000,0x00000000da2fc1a0,0x00000000da300000)
  to   space 8704K, 0% used [0x00000000de780000,0x00000000de780000,0x00000000df000000)
 ParOldGen       total 87552K, used 4756K [0x0000000081600000, 0x0000000086b80000, 0x00000000d5d00000)
  object space 87552K, 5% used [0x0000000081600000,0x0000000081aa5198,0x0000000086b80000)
 Metaspace       used 20567K, capacity 21264K, committed 21296K, reserved 1067008K
  class space    used 2667K, capacity 2840K, committed 2864K, reserved 1048576K
Event: 3.836 GC heap after
Heap after GC invocations=6 (full 1):
 PSYoungGen      total 71680K, used 0K [0x00000000d5d00000, 0x00000000df000000, 0x0000000100000000)
  eden space 66560K, 0% used [0x00000000d5d00000,0x00000000d5d00000,0x00000000d9e00000)
  from space 5120K, 0% used [0x00000000d9e00000,0x00000000d9e00000,0x00000000da300000)
  to   space 8704K, 0% used [0x00000000de780000,0x00000000de780000,0x00000000df000000)
 ParOldGen       total 52736K, used 7303K [0x0000000081600000, 0x0000000084980000, 0x00000000d5d00000)
  object space 52736K, 13% used [0x0000000081600000,0x0000000081d21e40,0x0000000084980000)
 Metaspace       used 20567K, capacity 21264K, committed 21296K, reserved 1067008K
  class space    used 2667K, capacity 2840K, committed 2864K, reserved 1048576K
}
Event: 4.442 GC heap before
{Heap before GC invocations=7 (full 1):
 PSYoungGen      total 71680K, used 66560K [0x00000000d5d00000, 0x00000000df000000, 0x0000000100000000)
  eden space 66560K, 100% used [0x00000000d5d00000,0x00000000d9e00000,0x00000000d9e00000)
  from space 5120K, 0% used [0x00000000d9e00000,0x00000000d9e00000,0x00000000da300000)
  to   space 8704K, 0% used [0x00000000de780000,0x00000000de780000,0x00000000df000000)
 ParOldGen       total 52736K, used 7303K [0x0000000081600000, 0x0000000084980000, 0x00000000d5d00000)
  object space 52736K, 13% used [0x0000000081600000,0x0000000081d21e40,0x0000000084980000)
 Metaspace       used 24846K, capacity 25718K, committed 26032K, reserved 1071104K
  class space    used 3216K, capacity 3431K, committed 3504K, reserved 1048576K
Event: 4.450 GC heap after
Heap after GC invocations=7 (full 1):
 PSYoungGen      total 120320K, used 6316K [0x00000000d5d00000, 0x00000000dee00000, 0x0000000100000000)
  eden space 113664K, 0% used [0x00000000d5d00000,0x00000000d5d00000,0x00000000dcc00000)
  from space 6656K, 94% used [0x00000000de780000,0x00000000dedab1a0,0x00000000dee00000)
  to   space 8192K, 0% used [0x00000000dde00000,0x00000000dde00000,0x00000000de600000)
 ParOldGen       total 52736K, used 7303K [0x0000000081600000, 0x0000000084980000, 0x00000000d5d00000)
  object space 52736K, 13% used [0x0000000081600000,0x0000000081d21e40,0x0000000084980000)
 Metaspace       used 24846K, capacity 25718K, committed 26032K, reserved 1071104K
  class space    used 3216K, capacity 3431K, committed 3504K, reserved 1048576K
}
Event: 6.008 GC heap before
{Heap before GC invocations=8 (full 1):
 PSYoungGen      total 120320K, used 119980K [0x00000000d5d00000, 0x00000000dee00000, 0x0000000100000000)
  eden space 113664K, 100% used [0x00000000d5d00000,0x00000000dcc00000,0x00000000dcc00000)
  from space 6656K, 94% used [0x00000000de780000,0x00000000dedab1a0,0x00000000dee00000)
  to   space 8192K, 0% used [0x00000000dde00000,0x00000000dde00000,0x00000000de600000)
 ParOldGen       total 52736K, used 7303K [0x0000000081600000, 0x0000000084980000, 0x00000000d5d00000)
  object space 52736K, 13% used [0x0000000081600000,0x0000000081d21e40,0x0000000084980000)
 Metaspace       used 32619K, capacity 33844K, committed 33968K, reserved 1079296K
  class space    used 4236K, capacity 4508K, committed 4528K, reserved 1048576K
Event: 6.021 GC heap after
Heap after GC invocations=8 (full 1):
 PSYoungGen      total 140288K, used 8188K [0x00000000d5d00000, 0x00000000e2a80000, 0x0000000100000000)
  eden space 132096K, 0% used [0x00000000d5d00000,0x00000000d5d00000,0x00000000dde00000)
  from space 8192K, 99% used [0x00000000dde00000,0x00000000de5ff1f0,0x00000000de600000)
  to   space 10240K, 0% used [0x00000000e2080000,0x00000000e2080000,0x00000000e2a80000)
 ParOldGen       total 52736K, used 8818K [0x0000000081600000, 0x0000000084980000, 0x00000000d5d00000)
  object space 52736K, 16% used [0x0000000081600000,0x0000000081e9cab8,0x0000000084980000)
 Metaspace       used 32619K, capacity 33844K, committed 33968K, reserved 1079296K
  class space    used 4236K, capacity 4508K, committed 4528K, reserved 1048576K
}
Event: 6.420 GC heap before
{Heap before GC invocations=9 (full 1):
 PSYoungGen      total 140288K, used 57242K [0x00000000d5d00000, 0x00000000e2a80000, 0x0000000100000000)
  eden space 132096K, 37% used [0x00000000d5d00000,0x00000000d8ce7910,0x00000000dde00000)
  from space 8192K, 99% used [0x00000000dde00000,0x00000000de5ff1f0,0x00000000de600000)
  to   space 10240K, 0% used [0x00000000e2080000,0x00000000e2080000,0x00000000e2a80000)
 ParOldGen       total 52736K, used 8818K [0x0000000081600000, 0x0000000084980000, 0x00000000d5d00000)
  object space 52736K, 16% used [0x0000000081600000,0x0000000081e9cab8,0x0000000084980000)
 Metaspace       used 34107K, capacity 35490K, committed 35496K, reserved 1081344K
  class space    used 4394K, capacity 4653K, committed 4656K, reserved 1048576K
Event: 6.436 GC heap after
Heap after GC invocations=9 (full 1):
 PSYoungGen      total 200704K, used 7105K [0x00000000d5d00000, 0x00000000e4e80000, 0x0000000100000000)
  eden space 190464K, 0% used [0x00000000d5d00000,0x00000000d5d00000,0x00000000e1700000)
  from space 10240K, 69% used [0x00000000e2080000,0x00000000e2770758,0x00000000e2a80000)
  to   space 9728K, 0% used [0x00000000e1700000,0x00000000e1700000,0x00000000e2080000)
 ParOldGen       total 52736K, used 8826K [0x0000000081600000, 0x0000000084980000, 0x00000000d5d00000)
  object space 52736K, 16% used [0x0000000081600000,0x0000000081e9eab8,0x0000000084980000)
 Metaspace       used 34107K, capacity 35490K, committed 35496K, reserved 1081344K
  class space    used 4394K, capacity 4653K, committed 4656K, reserved 1048576K
}
Event: 6.436 GC heap before
{Heap before GC invocations=10 (full 2):
 PSYoungGen      total 200704K, used 7105K [0x00000000d5d00000, 0x00000000e4e80000, 0x0000000100000000)
  eden space 190464K, 0% used [0x00000000d5d00000,0x00000000d5d00000,0x00000000e1700000)
  from space 10240K, 69% used [0x00000000e2080000,0x00000000e2770758,0x00000000e2a80000)
  to   space 9728K, 0% used [0x00000000e1700000,0x00000000e1700000,0x00000000e2080000)
 ParOldGen       total 52736K, used 8826K [0x0000000081600000, 0x0000000084980000, 0x00000000d5d00000)
  object space 52736K, 16% used [0x0000000081600000,0x0000000081e9eab8,0x0000000084980000)
 Metaspace       used 34107K, capacity 35490K, committed 35496K, reserved 1081344K
  class space    used 4394K, capacity 4653K, committed 4656K, reserved 1048576K
Event: 6.519 GC heap after
Heap after GC invocations=10 (full 2):
 PSYoungGen      total 200704K, used 0K [0x00000000d5d00000, 0x00000000e4e80000, 0x0000000100000000)
  eden space 190464K, 0% used [0x00000000d5d00000,0x00000000d5d00000,0x00000000e1700000)
  from space 10240K, 0% used [0x00000000e2080000,0x00000000e2080000,0x00000000e2a80000)
  to   space 9728K, 0% used [0x00000000e1700000,0x00000000e1700000,0x00000000e2080000)
 ParOldGen       total 77824K, used 11932K [0x0000000081600000, 0x0000000086200000, 0x00000000d5d00000)
  object space 77824K, 15% used [0x0000000081600000,0x00000000821a70b8,0x0000000086200000)
 Metaspace       used 34107K, capacity 35490K, committed 35496K, reserved 1081344K
  class space    used 4394K, capacity 4653K, committed 4656K, reserved 1048576K
}

